3/8/2025, 11:07:25 PM GMT+1 0: 

----------------------------------------------
3/8/2025, 11:07:25 PM GMT+1 1: Discord starting: {"releaseChannel":"stable","version":"0.0.87"}, modulepath: /home/haida/.config/discord/0.0.87/modules
3/8/2025, 11:07:25 PM GMT+1 2: ✅ webContents.created web1 ""
3/8/2025, 11:07:25 PM GMT+1 3: ✅ window.created win1 "discord"
3/8/2025, 11:07:26 PM GMT+1 4: ✅ webContents.did-finish-load web1
3/8/2025, 11:07:31 PM GMT+1 5: ✅ webContents.created web2 ""
3/8/2025, 11:07:31 PM GMT+1 6: ✅ window.created win2 "Discord"
3/8/2025, 11:07:33 PM GMT+1 7: ✅ webContents.did-finish-load web2
3/8/2025, 11:07:34 PM GMT+1 8: window.close win1
3/8/2025, 11:07:34 PM GMT+1 9: webContents.destroyed web1
3/8/2025, 11:07:34 PM GMT+1 10: window.closed win1
3/8/2025, 11:07:45 PM GMT+1 11: window.close win2
3/8/2025, 11:07:49 PM GMT+1 0: 

----------------------------------------------
3/8/2025, 11:07:49 PM GMT+1 1: Discord starting: {"releaseChannel":"stable","version":"0.0.87"}, modulepath: /home/haida/.config/discord/0.0.87/modules
3/8/2025, 11:11:14 PM GMT+1 12: before-quit
3/8/2025, 11:11:14 PM GMT+1 13: window.close win2
3/8/2025, 11:11:14 PM GMT+1 14: ❌ child-process-gone {
  type: 'Utility',
  reason: 'killed',
  exitCode: 15,
  serviceName: 'audio.mojom.AudioService',
  name: 'Audio Service'
}
3/8/2025, 11:11:14 PM GMT+1 15: ❌ child-process-gone {
  type: 'Utility',
  reason: 'killed',
  exitCode: 15,
  serviceName: 'network.mojom.NetworkService',
  name: 'Network Service'
}
3/8/2025, 11:11:52 PM GMT+1 0: 

----------------------------------------------
3/8/2025, 11:11:52 PM GMT+1 1: Discord starting: {"releaseChannel":"stable","version":"0.0.87"}, modulepath: /home/haida/.config/discord/0.0.87/modules
3/8/2025, 11:11:52 PM GMT+1 2: ✅ webContents.created web1 ""
3/8/2025, 11:11:52 PM GMT+1 3: ✅ window.created win1 "discord"
3/8/2025, 11:11:53 PM GMT+1 4: ✅ webContents.did-finish-load web1
3/8/2025, 11:11:53 PM GMT+1 5: ✅ webContents.created web2 ""
3/8/2025, 11:11:53 PM GMT+1 6: ✅ window.created win2 "Discord"
3/8/2025, 11:11:55 PM GMT+1 7: ✅ webContents.did-finish-load web2
3/8/2025, 11:11:55 PM GMT+1 8: window.close win1
3/8/2025, 11:11:55 PM GMT+1 9: webContents.destroyed web1
3/8/2025, 11:11:55 PM GMT+1 10: window.closed win1
3/8/2025, 11:12:05 PM GMT+1 11: window.close win2
3/9/2025, 1:02:35 AM GMT+1 0: 

----------------------------------------------
3/9/2025, 1:02:35 AM GMT+1 1: Discord starting: {"releaseChannel":"stable","version":"0.0.87"}, modulepath: /home/haida/.config/discord/0.0.87/modules
3/9/2025, 1:02:39 AM GMT+1 12: window.close win2
3/9/2025, 1:04:30 AM GMT+1 13: before-quit
3/9/2025, 1:04:30 AM GMT+1 14: window.close win2
3/9/2025, 1:04:30 AM GMT+1 15: ❌ child-process-gone {
  type: 'Utility',
  reason: 'killed',
  exitCode: 15,
  serviceName: 'audio.mojom.AudioService',
  name: 'Audio Service'
}
3/9/2025, 1:04:30 AM GMT+1 16: ❌ child-process-gone {
  type: 'Utility',
  reason: 'killed',
  exitCode: 15,
  serviceName: 'network.mojom.NetworkService',
  name: 'Network Service'
}
3/9/2025, 1:04:30 AM GMT+1 17: ❌ render-process-gone { reason: 'killed', exitCode: 15 }
3/9/2025, 12:57:28 PM GMT+1 0: 

----------------------------------------------
3/9/2025, 12:57:28 PM GMT+1 1: Discord starting: {"releaseChannel":"stable","version":"0.0.87"}, modulepath: /home/haida/.config/discord/0.0.87/modules
3/9/2025, 12:57:28 PM GMT+1 2: ✅ webContents.created web1 ""
3/9/2025, 12:57:28 PM GMT+1 3: ✅ window.created win1 "discord"
3/9/2025, 12:57:28 PM GMT+1 4: ✅ webContents.did-finish-load web1
3/9/2025, 12:57:28 PM GMT+1 5: ✅ webContents.created web2 ""
3/9/2025, 12:57:28 PM GMT+1 6: ✅ window.created win2 "Discord"
3/9/2025, 12:57:30 PM GMT+1 7: ✅ webContents.did-finish-load web2
3/9/2025, 12:57:30 PM GMT+1 8: window.close win1
3/9/2025, 12:57:30 PM GMT+1 9: webContents.destroyed web1
3/9/2025, 12:57:30 PM GMT+1 10: window.closed win1
3/9/2025, 1:11:53 PM GMT+1 11: window.close win2
3/9/2025, 2:41:24 PM GMT+1 0: 

----------------------------------------------
3/9/2025, 2:41:25 PM GMT+1 1: Discord starting: {"releaseChannel":"stable","version":"0.0.87"}, modulepath: /home/haida/.config/discord/0.0.87/modules
3/9/2025, 2:46:32 PM GMT+1 12: window.close win2
3/9/2025, 2:46:37 PM GMT+1 0: 

----------------------------------------------
3/9/2025, 2:46:37 PM GMT+1 1: Discord starting: {"releaseChannel":"stable","version":"0.0.87"}, modulepath: /home/haida/.config/discord/0.0.87/modules
3/9/2025, 2:46:53 PM GMT+1 13: window.close win2
3/9/2025, 3:01:00 PM GMT+1 0: 

----------------------------------------------
3/9/2025, 3:01:00 PM GMT+1 1: Discord starting: {"releaseChannel":"stable","version":"0.0.87"}, modulepath: /home/haida/.config/discord/0.0.87/modules
3/9/2025, 3:01:04 PM GMT+1 14: window.close win2
3/9/2025, 3:06:36 PM GMT+1 0: 

----------------------------------------------
3/9/2025, 3:06:36 PM GMT+1 1: Discord starting: {"releaseChannel":"stable","version":"0.0.87"}, modulepath: /home/haida/.config/discord/0.0.87/modules
3/9/2025, 3:06:54 PM GMT+1 0: 

----------------------------------------------
3/9/2025, 3:06:54 PM GMT+1 1: Discord starting: {"releaseChannel":"stable","version":"0.0.87"}, modulepath: /home/haida/.config/discord/0.0.87/modules
3/9/2025, 3:07:24 PM GMT+1 0: 

----------------------------------------------
3/9/2025, 3:07:24 PM GMT+1 1: Discord starting: {"releaseChannel":"stable","version":"0.0.87"}, modulepath: /home/haida/.config/discord/0.0.87/modules
3/9/2025, 3:07:32 PM GMT+1 0: 

----------------------------------------------
3/9/2025, 3:07:32 PM GMT+1 1: Discord starting: {"releaseChannel":"stable","version":"0.0.87"}, modulepath: /home/haida/.config/discord/0.0.87/modules
3/9/2025, 3:07:42 PM GMT+1 0: 

----------------------------------------------
3/9/2025, 3:07:42 PM GMT+1 1: Discord starting: {"releaseChannel":"stable","version":"0.0.87"}, modulepath: /home/haida/.config/discord/0.0.87/modules
3/9/2025, 3:22:38 PM GMT+1 15: window.close win2
3/9/2025, 3:51:01 PM GMT+1 16: before-quit
3/9/2025, 3:51:01 PM GMT+1 17: window.close win2
3/9/2025, 3:51:01 PM GMT+1 18: ❌ child-process-gone {
  type: 'Utility',
  reason: 'killed',
  exitCode: 15,
  serviceName: 'audio.mojom.AudioService',
  name: 'Audio Service'
}
3/9/2025, 3:51:01 PM GMT+1 19: ❌ child-process-gone {
  type: 'Utility',
  reason: 'killed',
  exitCode: 15,
  serviceName: 'network.mojom.NetworkService',
  name: 'Network Service'
}
3/9/2025, 3:51:01 PM GMT+1 20: ❌ render-process-gone { reason: 'killed', exitCode: 15 }
3/9/2025, 4:35:31 PM GMT+1 0: 

----------------------------------------------
3/9/2025, 4:35:31 PM GMT+1 1: Discord starting: {"releaseChannel":"stable","version":"0.0.87"}, modulepath: /home/haida/.config/discord/0.0.87/modules
3/9/2025, 4:35:31 PM GMT+1 2: ✅ webContents.created web1 ""
3/9/2025, 4:35:31 PM GMT+1 3: ✅ window.created win1 "discord"
3/9/2025, 4:35:31 PM GMT+1 4: ✅ webContents.did-finish-load web1
3/9/2025, 4:35:32 PM GMT+1 5: ✅ webContents.created web2 ""
3/9/2025, 4:35:32 PM GMT+1 6: ✅ window.created win2 "Discord"
3/9/2025, 4:35:33 PM GMT+1 7: ✅ webContents.did-finish-load web2
3/9/2025, 4:35:34 PM GMT+1 8: window.close win1
3/9/2025, 4:35:34 PM GMT+1 9: webContents.destroyed web1
3/9/2025, 4:35:34 PM GMT+1 10: window.closed win1
3/9/2025, 4:40:59 PM GMT+1 0: 

----------------------------------------------
3/9/2025, 4:40:59 PM GMT+1 1: Discord starting: {"releaseChannel":"stable","version":"0.0.87"}, modulepath: /home/haida/.config/discord/0.0.87/modules
3/9/2025, 6:26:05 PM GMT+1 11: ✅ webContents.created web3 ""
3/9/2025, 6:26:05 PM GMT+1 12: ✅ window.created win3 "Discord Popout"
3/9/2025, 6:26:06 PM GMT+1 13: ✅ webContents.did-finish-load web3
3/9/2025, 6:51:31 PM GMT+1 14: window.close win3
3/9/2025, 6:51:31 PM GMT+1 15: window.close win3
3/9/2025, 6:51:31 PM GMT+1 16: webContents.destroyed web3
3/9/2025, 6:51:31 PM GMT+1 17: window.closed win3
3/9/2025, 7:45:15 PM GMT+1 18: window.close win2
3/9/2025, 7:45:31 PM GMT+1 19: before-quit
3/9/2025, 7:45:31 PM GMT+1 20: window.close win2
3/9/2025, 7:45:31 PM GMT+1 21: ❌ child-process-gone {
  type: 'Utility',
  reason: 'killed',
  exitCode: 15,
  serviceName: 'audio.mojom.AudioService',
  name: 'Audio Service'
}
3/9/2025, 7:45:31 PM GMT+1 22: ❌ child-process-gone {
  type: 'Utility',
  reason: 'killed',
  exitCode: 15,
  serviceName: 'network.mojom.NetworkService',
  name: 'Network Service'
}
3/9/2025, 7:45:31 PM GMT+1 23: ❌ render-process-gone { reason: 'killed', exitCode: 15 }
3/9/2025, 11:03:10 PM GMT+1 0: 

----------------------------------------------
3/9/2025, 11:03:10 PM GMT+1 1: Discord starting: {"releaseChannel":"stable","version":"0.0.87"}, modulepath: /home/haida/.config/discord/0.0.87/modules
3/9/2025, 11:03:10 PM GMT+1 2: ✅ webContents.created web1 ""
3/9/2025, 11:03:10 PM GMT+1 3: ✅ window.created win1 "discord"
3/9/2025, 11:03:10 PM GMT+1 4: ✅ webContents.did-finish-load web1
3/9/2025, 11:03:11 PM GMT+1 5: ✅ webContents.created web2 ""
3/9/2025, 11:03:11 PM GMT+1 6: ✅ window.created win2 "Discord"
3/9/2025, 11:03:12 PM GMT+1 7: ✅ webContents.did-finish-load web2
3/9/2025, 11:03:12 PM GMT+1 8: window.close win1
3/9/2025, 11:03:13 PM GMT+1 9: webContents.destroyed web1
3/9/2025, 11:03:13 PM GMT+1 10: window.closed win1
3/10/2025, 12:34:30 AM GMT+1 11: window.close win2
3/10/2025, 1:23:07 AM GMT+1 12: before-quit
3/10/2025, 1:23:07 AM GMT+1 13: window.close win2
3/10/2025, 1:23:07 AM GMT+1 14: ❌ child-process-gone {
  type: 'Utility',
  reason: 'killed',
  exitCode: 15,
  serviceName: 'audio.mojom.AudioService',
  name: 'Audio Service'
}
3/10/2025, 1:23:07 AM GMT+1 15: ❌ child-process-gone {
  type: 'Utility',
  reason: 'killed',
  exitCode: 15,
  serviceName: 'network.mojom.NetworkService',
  name: 'Network Service'
}
3/10/2025, 1:23:07 AM GMT+1 16: ❌ render-process-gone { reason: 'killed', exitCode: 15 }
3/10/2025, 2:15:33 PM GMT+1 0: 

----------------------------------------------
3/10/2025, 2:15:33 PM GMT+1 1: Discord starting: {"releaseChannel":"stable","version":"0.0.87"}, modulepath: /home/haida/.config/discord/0.0.87/modules
3/10/2025, 2:15:33 PM GMT+1 2: ✅ webContents.created web1 ""
3/10/2025, 2:15:33 PM GMT+1 3: ✅ window.created win1 "discord"
3/10/2025, 2:15:33 PM GMT+1 4: ✅ webContents.did-finish-load web1
3/10/2025, 2:15:33 PM GMT+1 5: ✅ webContents.created web2 ""
3/10/2025, 2:15:33 PM GMT+1 6: ✅ window.created win2 "Discord"
3/10/2025, 2:15:35 PM GMT+1 7: ✅ webContents.did-finish-load web2
3/10/2025, 2:15:36 PM GMT+1 8: window.close win1
3/10/2025, 2:15:36 PM GMT+1 9: webContents.destroyed web1
3/10/2025, 2:15:36 PM GMT+1 10: window.closed win1
3/10/2025, 2:24:37 PM GMT+1 11: window.close win2
3/10/2025, 2:36:46 PM GMT+1 0: 

----------------------------------------------
3/10/2025, 2:36:46 PM GMT+1 1: Discord starting: {"releaseChannel":"stable","version":"0.0.87"}, modulepath: /home/haida/.config/discord/0.0.87/modules
3/10/2025, 2:36:46 PM GMT+1 2: ✅ webContents.created web1 ""
3/10/2025, 2:36:46 PM GMT+1 3: ✅ window.created win1 "discord"
3/10/2025, 2:36:46 PM GMT+1 4: Wrote 322288 byte minidump to /home/haida/.config/discord/0.0.87/modules/crashlogs/3_10_2025__2_36_46_PM_GMT_1-0-minidump.dmp
3/10/2025, 2:36:46 PM GMT+1 5: Sentry report: {"contexts":{"trace":{"trace_id":"50025210786a46a3b38c018a3acfe33e","span_id":"bf03216a6776f67e"},"app":{"app_name":"discord","app_version":"0.0.87","app_start_time":"2025-03-10T13:15:32.799Z"},"os":{"kernel_version":"6.13.5-arch1-1","name":"Arch Linux"},"browser":{"name":"Chrome"},"chrome":{"name":"Chrome","type":"runtime","version":"130.0.6723.191"},"device":{"arch":"x64","family":"Desktop","language":"en-US","screen_density":1,"screen_resolution":"1920x1080","memory_size":16685658112,"free_memory":11198418944,"processor_count":6,"cpu_description":"Intel(R) Core(TM) i5-8500 CPU @ 3.00GHz","processor_frequency":3900},"node":{"name":"Node","type":"runtime","version":"20.18.1"},"runtime":{"name":"Electron","version":"33.4.0"}},"environment":"stable","release":"0.0.87","user":{"ip_address":"{{auto}}","id":"670946726361956352","username":"haida_175","email":"federico.brusadin.uplay@gmail.com"},"tags":{"event.origin":"electron","event.environment":"native","event.process":"browser","event_type":"native","nativeBuildNumber":"null"},"level":"fatal","platform":"native","breadcrumbs":[{"timestamp":1741612533.144,"category":"console","level":"log","message":"Discord 0.0.87"},{"timestamp":1741612533.232,"category":"electron","message":"app.will-finish-launching","type":"ui"},{"timestamp":1741612533.236,"category":"electron","message":"app.ready","type":"ui"},{"timestamp":1741612533.251,"category":"electron","message":"app.session-created","type":"ui"},{"timestamp":1741612533.257,"category":"console","level":"log","message":"Starting app."},{"timestamp":1741612533.259,"category":"console","level":"log","message":"Starting updater."},{"timestamp":1741612533.275,"category":"console","level":"log","message":"3/10/2025, 2:15:33 PM GMT+1 [Modules] Modules initializing"},{"timestamp":1741612533.275,"category":"console","level":"log","message":"3/10/2025, 2:15:33 PM GMT+1 [Modules] Distribution: remote"},{"timestamp":1741612533.275,"category":"console","level":"log","message":"3/10/2025, 2:15:33 PM GMT+1 [Modules] Host updates: enabled"},{"timestamp":1741612533.276,"category":"console","level":"log","message":"3/10/2025, 2:15:33 PM GMT+1 [Modules] Module updates: enabled"},{"timestamp":1741612533.276,"category":"console","level":"log","message":"3/10/2025, 2:15:33 PM GMT+1 [Modules] Module install path: /home/haida/.config/discord/0.0.87/modules"},{"timestamp":1741612533.276,"category":"console","level":"log","message":"3/10/2025, 2:15:33 PM GMT+1 [Modules] Module installed file path: /home/haida/.config/discord/0.0.87/modules/installed.json"},{"timestamp":1741612533.276,"category":"console","level":"log","message":"3/10/2025, 2:15:33 PM GMT+1 [Modules] Module download path: /home/haida/.config/discord/0.0.87/modules/pending"},{"timestamp":1741612533.278,"category":"console","level":"log","message":"splashScreen.initSplash(false)"},{"timestamp":1741612533.279,"category":"console","level":"log","message":"CDM component API found"},{"timestamp":1741612533.305,"category":"electron","message":"app.web-contents-created","type":"ui"},{"timestamp":1741612533.306,"category":"electron","message":"app.browser-window-created","type":"ui"},{"timestamp":1741612533.321,"category":"console","level":"log","message":"blackbox: 3/10/2025, 2:15:33 PM GMT+1 0 \n\n----------------------------------------------"},{"timestamp":1741612533.324,"category":"console","level":"log","message":"CDM completed with status: cdm-ready-success"},{"timestamp":1741612533.33,"category":"console","level":"log","message":"blackbox: 3/10/2025, 2:15:33 PM GMT+1 1 Discord starting: {\"releaseChannel\":\"stable\",\"version\":\"0.0.87\"}, modulepath: /home/haida/.config/discord/0.0.87/modules"},{"timestamp":1741612533.334,"category":"console","level":"log","message":"blackbox: 3/10/2025, 2:15:33 PM GMT+1 2 ✅ webContents.created web1 \"\""},{"timestamp":1741612533.336,"category":"console","level":"log","message":"blackbox: 3/10/2025, 2:15:33 PM GMT+1 3 ✅ window.created win1 \"discord\""},{"timestamp":1741612533.452,"category":"electron","message":"app.gpu-info-update","type":"ui"},{"timestamp":1741612533.584,"category":"console","level":"log","message":"splashScreen: SPLASH_SCREEN_READY"},{"timestamp":1741612533.585,"category":"console","level":"log","message":"splashScreen.webContentsSend: SPLASH_SCREEN_QUOTE SPLASH_SCREEN_QUOTE [ 'Hold Tight — Loading Discord' ]"},{"timestamp":1741612533.586,"category":"electron","message":"window.show","type":"ui","data":{"id":1,"url":"app:///app_bootstrap/splash/index.html"}},{"timestamp":1741612533.586,"category":"console","level":"log","message":"3/10/2025, 2:15:33 PM GMT+1 [Modules] No updates to install"},{"timestamp":1741612533.587,"category":"console","level":"log","message":"splashScreen: no-pending-updates"},{"timestamp":1741612533.587,"category":"console","level":"log","message":"3/10/2025, 2:15:33 PM GMT+1 [Modules] Checking for host updates."},{"timestamp":1741612533.587,"category":"console","level":"log","message":"splashScreen: checking-for-updates"},{"timestamp":1741612533.587,"category":"console","level":"log","message":"splashScreen.updateSplashState checking-for-updates checking-for-updates {}"},{"timestamp":1741612533.587,"category":"console","level":"log","message":"splashScreen.webContentsSend: SPLASH_UPDATE_STATE SPLASH_UPDATE_STATE [ { status: 'checking-for-updates' } ]"},{"timestamp":1741612533.62,"category":"electron","message":"renderer.dom-ready","type":"ui","data":{"id":1,"url":"app:///app_bootstrap/splash/index.html"}},{"timestamp":1741612533.673,"category":"console","level":"log","message":"blackbox: 3/10/2025, 2:15:33 PM GMT+1 4 ✅ webContents.did-finish-load web1"},{"timestamp":1741612533.838,"type":"http","category":"electron.net","data":{"url":"https://discord.com/api/updates/stable?platform=linux&version=0.0.87","method":"GET","status_code":204}},{"timestamp":1741612533.845,"category":"console","level":"log","message":"3/10/2025, 2:15:33 PM GMT+1 [Modules] Host is up to date."},{"timestamp":1741612533.847,"category":"console","level":"log","message":"3/10/2025, 2:15:33 PM GMT+1 [Modules] Checking for module updates at https://discord.com/api/modules/stable/versions.json"},{"timestamp":1741612533.881,"type":"http","category":"electron.net","data":{"url":"https://discord.com/api/modules/stable/versions.json?host_version=0.0.87&platform=linux&_=5805375","method":"GET","status_code":200}},{"timestamp":1741612533.885,"category":"console","level":"log","message":"3/10/2025, 2:15:33 PM GMT+1 [Modules] No module updates available."},{"timestamp":1741612533.886,"category":"console","level":"log","message":"splashScreen: update-check-finished true 0 false"},{"timestamp":1741612533.886,"category":"console","level":"log","message":"splashScreen.launchMainWindow: false"},{"timestamp":1741612533.943,"category":"electron","message":"powerMonitor.newListener","type":"ui"},{"timestamp":1741612533.943,"category":"electron","message":"powerMonitor.newListener","type":"ui"},{"timestamp":1741612533.943,"category":"electron","message":"powerMonitor.newListener","type":"ui"},{"timestamp":1741612533.943,"category":"electron","message":"powerMonitor.newListener","type":"ui"},{"timestamp":1741612533.943,"category":"electron","message":"powerMonitor.newListener","type":"ui"},{"timestamp":1741612533.95,"category":"electron","message":"app.web-contents-created","type":"ui"},{"timestamp":1741612533.957,"category":"electron","message":"app.browser-window-created","type":"ui"},{"timestamp":1741612533.958,"category":"console","level":"log","message":"Optional module ./ElectronTestRpc was not included."},{"timestamp":1741612533.959,"category":"electron","message":"window.show","type":"ui","data":{}},{"timestamp":1741612533.965,"category":"console","level":"log","message":"splashScreen.updateSplashState launching launching {}"},{"timestamp":1741612533.965,"category":"console","level":"log","message":"splashScreen.webContentsSend: SPLASH_UPDATE_STATE SPLASH_UPDATE_STATE [ { status: 'launching' } ]"},{"timestamp":1741612533.965,"category":"console","level":"log","message":"blackbox: 3/10/2025, 2:15:33 PM GMT+1 5 ✅ webContents.created web2 \"\""},{"timestamp":1741612533.99,"category":"electron","message":"window.maximize","type":"ui","data":{}},{"timestamp":1741612533.991,"category":"console","level":"log","message":"blackbox: 3/10/2025, 2:15:33 PM GMT+1 6 ✅ window.created win2 \"Discord\""},{"timestamp":1741612533.991,"category":"electron","message":"window.focus","type":"ui","data":{}},{"timestamp":1741612533.991,"category":"electron","message":"app.browser-window-focus","type":"ui"},{"timestamp":1741612534.678,"category":"console","data":{"arguments":["Initializing voice engine with audio subsystem: standard"],"logger":"console"},"level":"log","message":"Initializing voice engine with audio subsystem: standard"},{"timestamp":1741612534.792,"category":"console","level":"log","message":"legacyModuleUpdater: installed-module discord_krisp 1 1 true"},{"timestamp":1741612534.793,"category":"console","level":"log","message":"legacyModuleUpdater: installed-module discord_game_utils 1 1 true"},{"timestamp":1741612534.839,"category":"console","level":"log","message":"mainScreen.UpdaterEvents: UPDATER_HISTORY_QUERY_AND_TRUNCATE"},{"timestamp":1741612534.864,"category":"electron","message":"renderer.dom-ready","type":"ui","data":{"id":2,"url":"https://discordapp.com/app?_=1741612533939"}},{"timestamp":1741612534.88,"category":"console","level":"log","message":"mainScreen.UpdaterEvents: UPDATER_HISTORY_QUERY_AND_TRUNCATE"},{"timestamp":1741612535.572,"category":"console","level":"log","message":"mainScreen.UpdaterEvents: UPDATER_HISTORY_QUERY_AND_TRUNCATE"},{"timestamp":1741612535.717,"category":"console","level":"log","message":"mainScreen.UpdaterEvents: CHECK_FOR_UPDATES UPDATE_NOT_AVAILABLE"},{"timestamp":1741612535.718,"category":"console","level":"log","message":"3/10/2025, 2:15:35 PM GMT+1 [Modules] Checking for host updates."},{"timestamp":1741612535.755,"category":"console","level":"log","message":"legacyModuleUpdater: installed-module discord_rpc 1 1 true"},{"timestamp":1741612535.883,"type":"http","category":"electron.net","data":{"url":"https://discord.com/api/updates/stable?platform=linux&version=0.0.87","method":"GET","status_code":204}},{"timestamp":1741612535.884,"category":"console","level":"log","message":"3/10/2025, 2:15:35 PM GMT+1 [Modules] Host is up to date."},{"timestamp":1741612535.884,"category":"console","level":"log","message":"3/10/2025, 2:15:35 PM GMT+1 [Modules] Checking for module updates at https://discord.com/api/modules/stable/versions.json"},{"timestamp":1741612535.886,"type":"http","category":"electron.net","data":{"url":"https://discord.com/api/modules/stable/versions.json?host_version=0.0.87&platform=linux&_=5805375","method":"GET","status_code":200}},{"timestamp":1741612535.887,"category":"console","level":"log","message":"3/10/2025, 2:15:35 PM GMT+1 [Modules] No module updates available."},{"timestamp":1741612535.887,"category":"console","level":"log","message":"legacyModuleUpdater: update-check-finished"},{"timestamp":1741612535.899,"category":"console","level":"log","message":"mainScreen.UpdaterEvents: UPDATER_HISTORY_QUERY_AND_TRUNCATE"},{"timestamp":1741612535.933,"category":"console","level":"log","message":"mainScreen.on(did-finish-load) false false"},{"timestamp":1741612535.934,"category":"console","level":"log","message":"blackbox: 3/10/2025, 2:15:35 PM GMT+1 7 ✅ webContents.did-finish-load web2"},{"timestamp":1741612535.934,"category":"console","level":"log","message":"splashScreen.pageReady"},{"timestamp":1741612535.934,"category":"electron","message":"window.show","type":"ui","data":{"id":2,"url":"https://discordapp.com/app?_=1741612533939","title":""}},{"timestamp":1741612536.034,"category":"electron","message":"window.hide","type":"ui","data":{"id":1,"url":"app:///app_bootstrap/splash/index.html"}},{"timestamp":1741612536.035,"category":"electron","message":"window.close","type":"ui","data":{"id":1,"url":"app:///app_bootstrap/splash/index.html"}},{"timestamp":1741612536.035,"category":"console","level":"log","message":"blackbox: 3/10/2025, 2:15:36 PM GMT+1 8 window.close win1"},{"timestamp":1741612536.037,"category":"electron","message":"renderer.destroyed","type":"ui","data":{"id":1,"url":"app:///app_bootstrap/splash/index.html"}},{"timestamp":1741612536.065,"category":"electron","message":"window.closed","type":"ui","data":{"id":1,"url":"app:///app_bootstrap/splash/index.html"}},{"timestamp":1741612536.068,"category":"console","level":"log","message":"blackbox: 3/10/2025, 2:15:36 PM GMT+1 9 webContents.destroyed web1"},{"timestamp":1741612536.07,"category":"console","level":"log","message":"blackbox: 3/10/2025, 2:15:36 PM GMT+1 10 window.closed win1"},{"timestamp":1741612544.211,"category":"ui.click","message":"div.wrapper__6e9f8.selected__6e9f8[aria-label=\" La compagnia del bordello V2.0 (epic)\"]"},{"timestamp":1741612559.896,"category":"electron","message":"window.blur","type":"ui","data":{"id":2,"url":"https://discordapp.com/channels/945777896004395009/945777896004395011"}},{"timestamp":1741612559.896,"category":"electron","message":"app.browser-window-blur","type":"ui"},{"timestamp":1741612744.672,"category":"electron","message":"window.focus","type":"ui","data":{"id":2,"url":"https://discordapp.com/channels/945777896004395009/945777896004395011"}},{"timestamp":1741612744.672,"category":"electron","message":"app.browser-window-focus","type":"ui"},{"timestamp":1741612749.872,"category":"electron","message":"window.blur","type":"ui","data":{"id":2,"url":"https://discordapp.com/channels/945777896004395009/945777896004395011"}},{"timestamp":1741612749.872,"category":"electron","message":"app.browser-window-blur","type":"ui"},{"timestamp":1741613075.848,"category":"electron","message":"window.focus","type":"ui","data":{"id":2,"url":"https://discordapp.com/channels/945777896004395009/945777896004395011"}},{"timestamp":1741613075.848,"category":"electron","message":"app.browser-window-focus","type":"ui"},{"timestamp":1741613077.239,"category":"electron","message":"window.close","type":"ui","data":{"id":2,"url":"https://discordapp.com/channels/945777896004395009/945777896004395011"}},{"timestamp":1741613077.24,"category":"console","level":"log","message":"blackbox: 3/10/2025, 2:24:37 PM GMT+1 11 window.close win2"},{"timestamp":1741613077.241,"category":"electron","message":"window.hide","type":"ui","data":{"id":2,"url":"https://discordapp.com/channels/945777896004395009/945777896004395011"}},{"timestamp":1741613077.241,"category":"electron","message":"window.blur","type":"ui","data":{"id":2,"url":"https://discordapp.com/channels/945777896004395009/945777896004395011"}},{"timestamp":1741613077.241,"category":"electron","message":"app.browser-window-blur","type":"ui"},{"timestamp":1741613082.245,"category":"electron","message":"window.unresponsive","type":"ui","data":{"id":2,"url":"https://discordapp.com/channels/945777896004395009/945777896004395011"}},{"timestamp":1741613806.719,"category":"console","level":"log","message":"Discord 0.0.87"},{"timestamp":1741613806.874,"category":"electron","message":"app.will-finish-launching","type":"ui"},{"timestamp":1741613806.878,"category":"electron","message":"app.ready","type":"ui"},{"timestamp":1741613806.882,"category":"electron","message":"app.session-created","type":"ui"},{"timestamp":1741613806.883,"category":"console","level":"log","message":"Starting app."},{"timestamp":1741613806.89,"category":"console","level":"log","message":"Starting updater."},{"timestamp":1741613806.902,"category":"console","level":"log","message":"3/10/2025, 2:36:46 PM GMT+1 [Modules] Modules initializing"},{"timestamp":1741613806.902,"category":"console","level":"log","message":"3/10/2025, 2:36:46 PM GMT+1 [Modules] Distribution: remote"},{"timestamp":1741613806.902,"category":"console","level":"log","message":"3/10/2025, 2:36:46 PM GMT+1 [Modules] Host updates: enabled"},{"timestamp":1741613806.903,"category":"console","level":"log","message":"3/10/2025, 2:36:46 PM GMT+1 [Modules] Module updates: enabled"},{"timestamp":1741613806.903,"category":"console","level":"log","message":"3/10/2025, 2:36:46 PM GMT+1 [Modules] Module install path: /home/haida/.config/discord/0.0.87/modules"},{"timestamp":1741613806.903,"category":"console","level":"log","message":"3/10/2025, 2:36:46 PM GMT+1 [Modules] Module installed file path: /home/haida/.config/discord/0.0.87/modules/installed.json"},{"timestamp":1741613806.903,"category":"console","level":"log","message":"3/10/2025, 2:36:46 PM GMT+1 [Modules] Module download path: /home/haida/.config/discord/0.0.87/modules/pending"},{"timestamp":1741613806.905,"category":"console","level":"log","message":"splashScreen.initSplash(false)"},{"timestamp":1741613806.905,"category":"console","level":"log","message":"CDM component API found"},{"timestamp":1741613806.934,"category":"electron","message":"app.web-contents-created","type":"ui"},{"timestamp":1741613806.935,"category":"electron","message":"app.browser-window-created","type":"ui"},{"timestamp":1741613806.948,"category":"console","level":"log","message":"blackbox: 3/10/2025, 2:36:46 PM GMT+1 0 \n\n----------------------------------------------"},{"timestamp":1741613806.951,"category":"console","level":"log","message":"CDM completed with status: cdm-ready-success"},{"timestamp":1741613806.957,"category":"console","level":"log","message":"blackbox: 3/10/2025, 2:36:46 PM GMT+1 1 Discord starting: {\"releaseChannel\":\"stable\",\"version\":\"0.0.87\"}, modulepath: /home/haida/.config/discord/0.0.87/modules"},{"timestamp":1741613806.96,"category":"console","level":"log","message":"blackbox: 3/10/2025, 2:36:46 PM GMT+1 2 ✅ webContents.created web1 \"\""}],"event_id":"e62b243563e94aea84c557e424db154f","timestamp":1741613806.961,"sdk":{"integrations":["SentryMinidump","ElectronBreadcrumbs","Net","MainContext","ChildProcess","OnUncaughtException","PreloadInjection","AdditionalContext","Screenshots","RendererProfiling","InboundFilters","FunctionToString","LinkedErrors","RequestData","Console","Http","Undici","OnUnhandledRejection","ContextLines","LocalVariables","Modules"],"name":"sentry.javascript.electron","version":"4.24.0","packages":[{"name":"npm:@sentry/electron","version":"4.24.0"}]},"modules":{"mkdirp":"1.0.4","yauzl":"2.10.0","fd-slicer":"1.1.0","pend":"1.2.0","buffer-crc32":"0.2.13","rimraf":"2.7.1","glob":"7.1.7","fs.realpath":"1.0.0","minimatch":"3.1.2","brace-expansion":"1.1.11","concat-map":"0.0.1","balanced-match":"1.0.2","inherits":"2.0.4","path-is-absolute":"1.0.1","inflight":"1.0.6","wrappy":"1.0.2","once":"1.4.0","request":"2.88.0","extend":"3.0.2","tough-cookie":"2.4.3","psl":"1.8.0","json-stringify-safe":"5.0.1","safe-buffer":"5.2.1","aws-sign2":"0.7.0","aws4":"1.11.0","http-signature":"1.2.0","assert-plus":"1.0.0","sshpk":"1.16.1","safer-buffer":"2.1.2","asn1":"0.2.4","ecc-jsbn":"0.1.2","jsbn":"0.1.1","tweetnacl":"0.14.5","jsprim":"1.4.1","extsprintf":"1.3.0","verror":"1.10.0","core-util-is":"1.0.2","json-schema":"0.2.3","mime-types":"2.1.32","mime-db":"1.49.0","caseless":"0.12.0","forever-agent":"0.6.1","combined-stream":"1.0.8","delayed-stream":"1.0.0","asynckit":"0.4.0","isstream":"0.1.2","is-typedarray":"1.0.0","qs":"6.5.3","har-validator":"5.1.5","ajv":"6.12.6","uri-js":"4.4.1","fast-deep-equal":"3.1.3","json-schema-traverse":"0.4.1","fast-json-stable-stringify":"2.1.0","har-schema":"2.0.0","uuid":"3.4.0","oauth-sign":"0.9.0","tunnel-agent":"0.6.0","performance-now":"2.1.0","arch":"2.2.0","tslib":"2.6.3","localforage":"1.10.0","deepmerge":"4.3.0","electron-log":"5.2.0"},"extra":{"release_channel":"stable","sentry":{"environment":"stable","release":"0.0.87"},"wm":"i3,unknown"}}
3/10/2025, 2:36:46 PM GMT+1 6: Wrote 355392 byte minidump to /home/haida/.config/discord/0.0.87/modules/crashlogs/3_10_2025__2_36_46_PM_GMT_1-1-minidump.dmp
3/10/2025, 2:36:46 PM GMT+1 7: Sentry report: {"contexts":{"trace":{"trace_id":"50025210786a46a3b38c018a3acfe33e","span_id":"bf03216a6776f67e"},"app":{"app_name":"discord","app_version":"0.0.87","app_start_time":"2025-03-10T13:15:32.799Z"},"os":{"kernel_version":"6.13.5-arch1-1","name":"Arch Linux"},"browser":{"name":"Chrome"},"chrome":{"name":"Chrome","type":"runtime","version":"130.0.6723.191"},"device":{"arch":"x64","family":"Desktop","language":"en-US","screen_density":1,"screen_resolution":"1920x1080","memory_size":16685658112,"free_memory":11191996416,"processor_count":6,"cpu_description":"Intel(R) Core(TM) i5-8500 CPU @ 3.00GHz","processor_frequency":3900},"node":{"name":"Node","type":"runtime","version":"20.18.1"},"runtime":{"name":"Electron","version":"33.4.0"}},"environment":"stable","release":"0.0.87","user":{"ip_address":"{{auto}}","id":"670946726361956352","username":"haida_175","email":"federico.brusadin.uplay@gmail.com"},"tags":{"event.origin":"electron","event.environment":"native","event.process":"browser","event_type":"native","nativeBuildNumber":"null"},"level":"fatal","platform":"native","breadcrumbs":[{"timestamp":1741612533.144,"category":"console","level":"log","message":"Discord 0.0.87"},{"timestamp":1741612533.232,"category":"electron","message":"app.will-finish-launching","type":"ui"},{"timestamp":1741612533.236,"category":"electron","message":"app.ready","type":"ui"},{"timestamp":1741612533.251,"category":"electron","message":"app.session-created","type":"ui"},{"timestamp":1741612533.257,"category":"console","level":"log","message":"Starting app."},{"timestamp":1741612533.259,"category":"console","level":"log","message":"Starting updater."},{"timestamp":1741612533.275,"category":"console","level":"log","message":"3/10/2025, 2:15:33 PM GMT+1 [Modules] Modules initializing"},{"timestamp":1741612533.275,"category":"console","level":"log","message":"3/10/2025, 2:15:33 PM GMT+1 [Modules] Distribution: remote"},{"timestamp":1741612533.275,"category":"console","level":"log","message":"3/10/2025, 2:15:33 PM GMT+1 [Modules] Host updates: enabled"},{"timestamp":1741612533.276,"category":"console","level":"log","message":"3/10/2025, 2:15:33 PM GMT+1 [Modules] Module updates: enabled"},{"timestamp":1741612533.276,"category":"console","level":"log","message":"3/10/2025, 2:15:33 PM GMT+1 [Modules] Module install path: /home/haida/.config/discord/0.0.87/modules"},{"timestamp":1741612533.276,"category":"console","level":"log","message":"3/10/2025, 2:15:33 PM GMT+1 [Modules] Module installed file path: /home/haida/.config/discord/0.0.87/modules/installed.json"},{"timestamp":1741612533.276,"category":"console","level":"log","message":"3/10/2025, 2:15:33 PM GMT+1 [Modules] Module download path: /home/haida/.config/discord/0.0.87/modules/pending"},{"timestamp":1741612533.278,"category":"console","level":"log","message":"splashScreen.initSplash(false)"},{"timestamp":1741612533.279,"category":"console","level":"log","message":"CDM component API found"},{"timestamp":1741612533.305,"category":"electron","message":"app.web-contents-created","type":"ui"},{"timestamp":1741612533.306,"category":"electron","message":"app.browser-window-created","type":"ui"},{"timestamp":1741612533.321,"category":"console","level":"log","message":"blackbox: 3/10/2025, 2:15:33 PM GMT+1 0 \n\n----------------------------------------------"},{"timestamp":1741612533.324,"category":"console","level":"log","message":"CDM completed with status: cdm-ready-success"},{"timestamp":1741612533.33,"category":"console","level":"log","message":"blackbox: 3/10/2025, 2:15:33 PM GMT+1 1 Discord starting: {\"releaseChannel\":\"stable\",\"version\":\"0.0.87\"}, modulepath: /home/haida/.config/discord/0.0.87/modules"},{"timestamp":1741612533.334,"category":"console","level":"log","message":"blackbox: 3/10/2025, 2:15:33 PM GMT+1 2 ✅ webContents.created web1 \"\""},{"timestamp":1741612533.336,"category":"console","level":"log","message":"blackbox: 3/10/2025, 2:15:33 PM GMT+1 3 ✅ window.created win1 \"discord\""},{"timestamp":1741612533.452,"category":"electron","message":"app.gpu-info-update","type":"ui"},{"timestamp":1741612533.584,"category":"console","level":"log","message":"splashScreen: SPLASH_SCREEN_READY"},{"timestamp":1741612533.585,"category":"console","level":"log","message":"splashScreen.webContentsSend: SPLASH_SCREEN_QUOTE SPLASH_SCREEN_QUOTE [ 'Hold Tight — Loading Discord' ]"},{"timestamp":1741612533.586,"category":"electron","message":"window.show","type":"ui","data":{"id":1,"url":"app:///app_bootstrap/splash/index.html"}},{"timestamp":1741612533.586,"category":"console","level":"log","message":"3/10/2025, 2:15:33 PM GMT+1 [Modules] No updates to install"},{"timestamp":1741612533.587,"category":"console","level":"log","message":"splashScreen: no-pending-updates"},{"timestamp":1741612533.587,"category":"console","level":"log","message":"3/10/2025, 2:15:33 PM GMT+1 [Modules] Checking for host updates."},{"timestamp":1741612533.587,"category":"console","level":"log","message":"splashScreen: checking-for-updates"},{"timestamp":1741612533.587,"category":"console","level":"log","message":"splashScreen.updateSplashState checking-for-updates checking-for-updates {}"},{"timestamp":1741612533.587,"category":"console","level":"log","message":"splashScreen.webContentsSend: SPLASH_UPDATE_STATE SPLASH_UPDATE_STATE [ { status: 'checking-for-updates' } ]"},{"timestamp":1741612533.62,"category":"electron","message":"renderer.dom-ready","type":"ui","data":{"id":1,"url":"app:///app_bootstrap/splash/index.html"}},{"timestamp":1741612533.673,"category":"console","level":"log","message":"blackbox: 3/10/2025, 2:15:33 PM GMT+1 4 ✅ webContents.did-finish-load web1"},{"timestamp":1741612533.838,"type":"http","category":"electron.net","data":{"url":"https://discord.com/api/updates/stable?platform=linux&version=0.0.87","method":"GET","status_code":204}},{"timestamp":1741612533.845,"category":"console","level":"log","message":"3/10/2025, 2:15:33 PM GMT+1 [Modules] Host is up to date."},{"timestamp":1741612533.847,"category":"console","level":"log","message":"3/10/2025, 2:15:33 PM GMT+1 [Modules] Checking for module updates at https://discord.com/api/modules/stable/versions.json"},{"timestamp":1741612533.881,"type":"http","category":"electron.net","data":{"url":"https://discord.com/api/modules/stable/versions.json?host_version=0.0.87&platform=linux&_=5805375","method":"GET","status_code":200}},{"timestamp":1741612533.885,"category":"console","level":"log","message":"3/10/2025, 2:15:33 PM GMT+1 [Modules] No module updates available."},{"timestamp":1741612533.886,"category":"console","level":"log","message":"splashScreen: update-check-finished true 0 false"},{"timestamp":1741612533.886,"category":"console","level":"log","message":"splashScreen.launchMainWindow: false"},{"timestamp":1741612533.943,"category":"electron","message":"powerMonitor.newListener","type":"ui"},{"timestamp":1741612533.943,"category":"electron","message":"powerMonitor.newListener","type":"ui"},{"timestamp":1741612533.943,"category":"electron","message":"powerMonitor.newListener","type":"ui"},{"timestamp":1741612533.943,"category":"electron","message":"powerMonitor.newListener","type":"ui"},{"timestamp":1741612533.943,"category":"electron","message":"powerMonitor.newListener","type":"ui"},{"timestamp":1741612533.95,"category":"electron","message":"app.web-contents-created","type":"ui"},{"timestamp":1741612533.957,"category":"electron","message":"app.browser-window-created","type":"ui"},{"timestamp":1741612533.958,"category":"console","level":"log","message":"Optional module ./ElectronTestRpc was not included."},{"timestamp":1741612533.959,"category":"electron","message":"window.show","type":"ui","data":{}},{"timestamp":1741612533.965,"category":"console","level":"log","message":"splashScreen.updateSplashState launching launching {}"},{"timestamp":1741612533.965,"category":"console","level":"log","message":"splashScreen.webContentsSend: SPLASH_UPDATE_STATE SPLASH_UPDATE_STATE [ { status: 'launching' } ]"},{"timestamp":1741612533.965,"category":"console","level":"log","message":"blackbox: 3/10/2025, 2:15:33 PM GMT+1 5 ✅ webContents.created web2 \"\""},{"timestamp":1741612533.99,"category":"electron","message":"window.maximize","type":"ui","data":{}},{"timestamp":1741612533.991,"category":"console","level":"log","message":"blackbox: 3/10/2025, 2:15:33 PM GMT+1 6 ✅ window.created win2 \"Discord\""},{"timestamp":1741612533.991,"category":"electron","message":"window.focus","type":"ui","data":{}},{"timestamp":1741612533.991,"category":"electron","message":"app.browser-window-focus","type":"ui"},{"timestamp":1741612534.678,"category":"console","data":{"arguments":["Initializing voice engine with audio subsystem: standard"],"logger":"console"},"level":"log","message":"Initializing voice engine with audio subsystem: standard"},{"timestamp":1741612534.792,"category":"console","level":"log","message":"legacyModuleUpdater: installed-module discord_krisp 1 1 true"},{"timestamp":1741612534.793,"category":"console","level":"log","message":"legacyModuleUpdater: installed-module discord_game_utils 1 1 true"},{"timestamp":1741612534.839,"category":"console","level":"log","message":"mainScreen.UpdaterEvents: UPDATER_HISTORY_QUERY_AND_TRUNCATE"},{"timestamp":1741612534.864,"category":"electron","message":"renderer.dom-ready","type":"ui","data":{"id":2,"url":"https://discordapp.com/app?_=1741612533939"}},{"timestamp":1741612534.88,"category":"console","level":"log","message":"mainScreen.UpdaterEvents: UPDATER_HISTORY_QUERY_AND_TRUNCATE"},{"timestamp":1741612535.572,"category":"console","level":"log","message":"mainScreen.UpdaterEvents: UPDATER_HISTORY_QUERY_AND_TRUNCATE"},{"timestamp":1741612535.717,"category":"console","level":"log","message":"mainScreen.UpdaterEvents: CHECK_FOR_UPDATES UPDATE_NOT_AVAILABLE"},{"timestamp":1741612535.718,"category":"console","level":"log","message":"3/10/2025, 2:15:35 PM GMT+1 [Modules] Checking for host updates."},{"timestamp":1741612535.755,"category":"console","level":"log","message":"legacyModuleUpdater: installed-module discord_rpc 1 1 true"},{"timestamp":1741612535.883,"type":"http","category":"electron.net","data":{"url":"https://discord.com/api/updates/stable?platform=linux&version=0.0.87","method":"GET","status_code":204}},{"timestamp":1741612535.884,"category":"console","level":"log","message":"3/10/2025, 2:15:35 PM GMT+1 [Modules] Host is up to date."},{"timestamp":1741612535.884,"category":"console","level":"log","message":"3/10/2025, 2:15:35 PM GMT+1 [Modules] Checking for module updates at https://discord.com/api/modules/stable/versions.json"},{"timestamp":1741612535.886,"type":"http","category":"electron.net","data":{"url":"https://discord.com/api/modules/stable/versions.json?host_version=0.0.87&platform=linux&_=5805375","method":"GET","status_code":200}},{"timestamp":1741612535.887,"category":"console","level":"log","message":"3/10/2025, 2:15:35 PM GMT+1 [Modules] No module updates available."},{"timestamp":1741612535.887,"category":"console","level":"log","message":"legacyModuleUpdater: update-check-finished"},{"timestamp":1741612535.899,"category":"console","level":"log","message":"mainScreen.UpdaterEvents: UPDATER_HISTORY_QUERY_AND_TRUNCATE"},{"timestamp":1741612535.933,"category":"console","level":"log","message":"mainScreen.on(did-finish-load) false false"},{"timestamp":1741612535.934,"category":"console","level":"log","message":"blackbox: 3/10/2025, 2:15:35 PM GMT+1 7 ✅ webContents.did-finish-load web2"},{"timestamp":1741612535.934,"category":"console","level":"log","message":"splashScreen.pageReady"},{"timestamp":1741612535.934,"category":"electron","message":"window.show","type":"ui","data":{"id":2,"url":"https://discordapp.com/app?_=1741612533939","title":""}},{"timestamp":1741612536.034,"category":"electron","message":"window.hide","type":"ui","data":{"id":1,"url":"app:///app_bootstrap/splash/index.html"}},{"timestamp":1741612536.035,"category":"electron","message":"window.close","type":"ui","data":{"id":1,"url":"app:///app_bootstrap/splash/index.html"}},{"timestamp":1741612536.035,"category":"console","level":"log","message":"blackbox: 3/10/2025, 2:15:36 PM GMT+1 8 window.close win1"},{"timestamp":1741612536.037,"category":"electron","message":"renderer.destroyed","type":"ui","data":{"id":1,"url":"app:///app_bootstrap/splash/index.html"}},{"timestamp":1741612536.065,"category":"electron","message":"window.closed","type":"ui","data":{"id":1,"url":"app:///app_bootstrap/splash/index.html"}},{"timestamp":1741612536.068,"category":"console","level":"log","message":"blackbox: 3/10/2025, 2:15:36 PM GMT+1 9 webContents.destroyed web1"},{"timestamp":1741612536.07,"category":"console","level":"log","message":"blackbox: 3/10/2025, 2:15:36 PM GMT+1 10 window.closed win1"},{"timestamp":1741612544.211,"category":"ui.click","message":"div.wrapper__6e9f8.selected__6e9f8[aria-label=\" La compagnia del bordello V2.0 (epic)\"]"},{"timestamp":1741612559.896,"category":"electron","message":"window.blur","type":"ui","data":{"id":2,"url":"https://discordapp.com/channels/945777896004395009/945777896004395011"}},{"timestamp":1741612559.896,"category":"electron","message":"app.browser-window-blur","type":"ui"},{"timestamp":1741612744.672,"category":"electron","message":"window.focus","type":"ui","data":{"id":2,"url":"https://discordapp.com/channels/945777896004395009/945777896004395011"}},{"timestamp":1741612744.672,"category":"electron","message":"app.browser-window-focus","type":"ui"},{"timestamp":1741612749.872,"category":"electron","message":"window.blur","type":"ui","data":{"id":2,"url":"https://discordapp.com/channels/945777896004395009/945777896004395011"}},{"timestamp":1741612749.872,"category":"electron","message":"app.browser-window-blur","type":"ui"},{"timestamp":1741613075.848,"category":"electron","message":"window.focus","type":"ui","data":{"id":2,"url":"https://discordapp.com/channels/945777896004395009/945777896004395011"}},{"timestamp":1741613075.848,"category":"electron","message":"app.browser-window-focus","type":"ui"},{"timestamp":1741613077.239,"category":"electron","message":"window.close","type":"ui","data":{"id":2,"url":"https://discordapp.com/channels/945777896004395009/945777896004395011"}},{"timestamp":1741613077.24,"category":"console","level":"log","message":"blackbox: 3/10/2025, 2:24:37 PM GMT+1 11 window.close win2"},{"timestamp":1741613077.241,"category":"electron","message":"window.hide","type":"ui","data":{"id":2,"url":"https://discordapp.com/channels/945777896004395009/945777896004395011"}},{"timestamp":1741613077.241,"category":"electron","message":"window.blur","type":"ui","data":{"id":2,"url":"https://discordapp.com/channels/945777896004395009/945777896004395011"}},{"timestamp":1741613077.241,"category":"electron","message":"app.browser-window-blur","type":"ui"},{"timestamp":1741613082.245,"category":"electron","message":"window.unresponsive","type":"ui","data":{"id":2,"url":"https://discordapp.com/channels/945777896004395009/945777896004395011"}},{"timestamp":1741613806.719,"category":"console","level":"log","message":"Discord 0.0.87"},{"timestamp":1741613806.874,"category":"electron","message":"app.will-finish-launching","type":"ui"},{"timestamp":1741613806.878,"category":"electron","message":"app.ready","type":"ui"},{"timestamp":1741613806.882,"category":"electron","message":"app.session-created","type":"ui"},{"timestamp":1741613806.883,"category":"console","level":"log","message":"Starting app."},{"timestamp":1741613806.89,"category":"console","level":"log","message":"Starting updater."},{"timestamp":1741613806.902,"category":"console","level":"log","message":"3/10/2025, 2:36:46 PM GMT+1 [Modules] Modules initializing"},{"timestamp":1741613806.902,"category":"console","level":"log","message":"3/10/2025, 2:36:46 PM GMT+1 [Modules] Distribution: remote"},{"timestamp":1741613806.902,"category":"console","level":"log","message":"3/10/2025, 2:36:46 PM GMT+1 [Modules] Host updates: enabled"},{"timestamp":1741613806.903,"category":"console","level":"log","message":"3/10/2025, 2:36:46 PM GMT+1 [Modules] Module updates: enabled"},{"timestamp":1741613806.903,"category":"console","level":"log","message":"3/10/2025, 2:36:46 PM GMT+1 [Modules] Module install path: /home/haida/.config/discord/0.0.87/modules"},{"timestamp":1741613806.903,"category":"console","level":"log","message":"3/10/2025, 2:36:46 PM GMT+1 [Modules] Module installed file path: /home/haida/.config/discord/0.0.87/modules/installed.json"},{"timestamp":1741613806.903,"category":"console","level":"log","message":"3/10/2025, 2:36:46 PM GMT+1 [Modules] Module download path: /home/haida/.config/discord/0.0.87/modules/pending"},{"timestamp":1741613806.905,"category":"console","level":"log","message":"splashScreen.initSplash(false)"},{"timestamp":1741613806.905,"category":"console","level":"log","message":"CDM component API found"},{"timestamp":1741613806.934,"category":"electron","message":"app.web-contents-created","type":"ui"},{"timestamp":1741613806.935,"category":"electron","message":"app.browser-window-created","type":"ui"},{"timestamp":1741613806.948,"category":"console","level":"log","message":"blackbox: 3/10/2025, 2:36:46 PM GMT+1 0 \n\n----------------------------------------------"},{"timestamp":1741613806.951,"category":"console","level":"log","message":"CDM completed with status: cdm-ready-success"},{"timestamp":1741613806.957,"category":"console","level":"log","message":"blackbox: 3/10/2025, 2:36:46 PM GMT+1 1 Discord starting: {\"releaseChannel\":\"stable\",\"version\":\"0.0.87\"}, modulepath: /home/haida/.config/discord/0.0.87/modules"},{"timestamp":1741613806.96,"category":"console","level":"log","message":"blackbox: 3/10/2025, 2:36:46 PM GMT+1 2 ✅ webContents.created web1 \"\""},{"timestamp":1741613806.976,"category":"console","level":"log","message":"blackbox: 3/10/2025, 2:36:46 PM GMT+1 3 ✅ window.created win1 \"discord\""}],"event_id":"313f46bac0724cca896e9583a0881f79","timestamp":1741613806.978,"sdk":{"integrations":["SentryMinidump","ElectronBreadcrumbs","Net","MainContext","ChildProcess","OnUncaughtException","PreloadInjection","AdditionalContext","Screenshots","RendererProfiling","InboundFilters","FunctionToString","LinkedErrors","RequestData","Console","Http","Undici","OnUnhandledRejection","ContextLines","LocalVariables","Modules"],"name":"sentry.javascript.electron","version":"4.24.0","packages":[{"name":"npm:@sentry/electron","version":"4.24.0"}]},"modules":{"mkdirp":"1.0.4","yauzl":"2.10.0","fd-slicer":"1.1.0","pend":"1.2.0","buffer-crc32":"0.2.13","rimraf":"2.7.1","glob":"7.1.7","fs.realpath":"1.0.0","minimatch":"3.1.2","brace-expansion":"1.1.11","concat-map":"0.0.1","balanced-match":"1.0.2","inherits":"2.0.4","path-is-absolute":"1.0.1","inflight":"1.0.6","wrappy":"1.0.2","once":"1.4.0","request":"2.88.0","extend":"3.0.2","tough-cookie":"2.4.3","psl":"1.8.0","json-stringify-safe":"5.0.1","safe-buffer":"5.2.1","aws-sign2":"0.7.0","aws4":"1.11.0","http-signature":"1.2.0","assert-plus":"1.0.0","sshpk":"1.16.1","safer-buffer":"2.1.2","asn1":"0.2.4","ecc-jsbn":"0.1.2","jsbn":"0.1.1","tweetnacl":"0.14.5","jsprim":"1.4.1","extsprintf":"1.3.0","verror":"1.10.0","core-util-is":"1.0.2","json-schema":"0.2.3","mime-types":"2.1.32","mime-db":"1.49.0","caseless":"0.12.0","forever-agent":"0.6.1","combined-stream":"1.0.8","delayed-stream":"1.0.0","asynckit":"0.4.0","isstream":"0.1.2","is-typedarray":"1.0.0","qs":"6.5.3","har-validator":"5.1.5","ajv":"6.12.6","uri-js":"4.4.1","fast-deep-equal":"3.1.3","json-schema-traverse":"0.4.1","fast-json-stable-stringify":"2.1.0","har-schema":"2.0.0","uuid":"3.4.0","oauth-sign":"0.9.0","tunnel-agent":"0.6.0","performance-now":"2.1.0","arch":"2.2.0","tslib":"2.6.3","localforage":"1.10.0","deepmerge":"4.3.0","electron-log":"5.2.0"},"extra":{"release_channel":"stable","sentry":{"environment":"stable","release":"0.0.87"},"wm":"i3,unknown"}}
3/10/2025, 2:36:47 PM GMT+1 8: ✅ webContents.did-finish-load web1
3/10/2025, 2:36:47 PM GMT+1 9: ✅ webContents.created web2 ""
3/10/2025, 2:36:47 PM GMT+1 10: ✅ window.created win2 "Discord"
3/10/2025, 2:36:49 PM GMT+1 11: ✅ webContents.did-finish-load web2
3/10/2025, 2:36:49 PM GMT+1 12: window.close win1
3/10/2025, 2:36:49 PM GMT+1 13: webContents.destroyed web1
3/10/2025, 2:36:49 PM GMT+1 14: window.closed win1
3/10/2025, 2:39:50 PM GMT+1 15: window.close win2
3/10/2025, 4:36:57 PM GMT+1 0: 

----------------------------------------------
3/10/2025, 4:36:57 PM GMT+1 1: Discord starting: {"releaseChannel":"stable","version":"0.0.87"}, modulepath: /home/haida/.config/discord/0.0.87/modules
3/10/2025, 4:37:12 PM GMT+1 16: window.close win2
3/10/2025, 9:50:04 PM GMT+1 0: 

----------------------------------------------
3/10/2025, 9:50:04 PM GMT+1 1: Discord starting: {"releaseChannel":"stable","version":"0.0.87"}, modulepath: /home/haida/.config/discord/0.0.87/modules
3/10/2025, 9:50:13 PM GMT+1 17: window.close win2
3/10/2025, 10:33:58 PM GMT+1 0: 

----------------------------------------------
3/10/2025, 10:33:58 PM GMT+1 1: Discord starting: {"releaseChannel":"stable","version":"0.0.87"}, modulepath: /home/haida/.config/discord/0.0.87/modules
3/10/2025, 10:34:01 PM GMT+1 18: window.close win2
3/10/2025, 10:37:33 PM GMT+1 19: before-quit
3/10/2025, 10:37:33 PM GMT+1 20: window.close win2
3/10/2025, 10:37:33 PM GMT+1 21: ❌ child-process-gone {
  type: 'Utility',
  reason: 'killed',
  exitCode: 15,
  serviceName: 'audio.mojom.AudioService',
  name: 'Audio Service'
}
3/10/2025, 10:37:33 PM GMT+1 22: ❌ child-process-gone {
  type: 'Utility',
  reason: 'killed',
  exitCode: 15,
  serviceName: 'network.mojom.NetworkService',
  name: 'Network Service'
}
