2025-03-09 14:03:46.827 [info] [main] Log level: Info
2025-03-09 14:03:46.827 [info] [main] Validating found git in: "git"
2025-03-09 14:03:46.827 [info] [main] Using git "2.48.1" from "git"
2025-03-09 14:03:46.827 [info] [Model][doInitialScan] Initial repository scan started
2025-03-09 14:03:46.827 [info] [Model][doInitialScan] Initial repository scan completed - repositories (0), closed repositories (0), parent repositories (0), unsafe repositories (0)
2025-03-09 14:04:38.538 [info] [main] Log level: Info
2025-03-09 14:04:38.538 [info] [main] Validating found git in: "git"
2025-03-09 14:04:38.538 [info] [main] Using git "2.48.1" from "git"
2025-03-09 14:04:38.538 [info] [Model][doInitialScan] Initial repository scan started
2025-03-09 14:04:38.538 [info] > git rev-parse --show-toplevel [6ms]
2025-03-09 14:04:38.538 [info] fatal: not a git repository (or any of the parent directories): .git
2025-03-09 14:04:38.538 [info] [Model][doInitialScan] Initial repository scan completed - repositories (0), closed repositories (0), parent repositories (0), unsafe repositories (0)
2025-03-09 14:04:38.759 [info] > git rev-parse --show-toplevel [1ms]
2025-03-09 14:04:38.759 [info] fatal: not a git repository (or any of the parent directories): .git
2025-03-09 14:04:39.596 [info] > git rev-parse --show-toplevel [1ms]
2025-03-09 14:04:39.596 [info] fatal: not a git repository (or any of the parent directories): .git
2025-03-09 14:04:52.365 [info] > git rev-parse --show-toplevel [1ms]
2025-03-09 14:04:52.365 [info] fatal: not a git repository (or any of the parent directories): .git
2025-03-09 14:05:19.359 [info] > git rev-parse --show-toplevel [1ms]
2025-03-09 14:05:19.359 [info] fatal: not a git repository (or any of the parent directories): .git
2025-03-09 14:05:26.772 [info] > git rev-parse --show-toplevel [2ms]
2025-03-09 14:05:26.772 [info] fatal: not a git repository (or any of the parent directories): .git
2025-03-09 14:05:29.900 [info] > git rev-parse --show-toplevel [2ms]
2025-03-09 14:05:29.900 [info] fatal: not a git repository (or any of the parent directories): .git
2025-03-09 14:05:35.603 [info] > git rev-parse --show-toplevel [1ms]
2025-03-09 14:05:35.603 [info] fatal: not a git repository (or any of the parent directories): .git
2025-03-09 14:08:51.931 [info] > git rev-parse --show-toplevel [2ms]
2025-03-09 14:08:51.931 [info] fatal: not a git repository (or any of the parent directories): .git
2025-03-09 14:08:54.278 [info] > git rev-parse --show-toplevel [1ms]
2025-03-09 14:08:54.278 [info] fatal: not a git repository (or any of the parent directories): .git
2025-03-09 14:53:32.373 [info] [main] Log level: Info
2025-03-09 14:53:32.373 [info] [main] Validating found git in: "git"
2025-03-09 14:53:32.373 [info] [main] Using git "2.48.1" from "git"
2025-03-09 14:53:32.373 [info] [Model][doInitialScan] Initial repository scan started
2025-03-09 14:53:32.373 [info] > git rev-parse --show-toplevel [6ms]
2025-03-09 14:53:32.373 [info] fatal: not a git repository (or any of the parent directories): .git
2025-03-09 14:53:32.373 [info] [Model][doInitialScan] Initial repository scan completed - repositories (0), closed repositories (0), parent repositories (0), unsafe repositories (0)
2025-03-09 14:53:32.427 [info] > git rev-parse --show-toplevel [1ms]
2025-03-09 14:53:32.428 [info] fatal: not a git repository (or any of the parent directories): .git
2025-03-09 14:53:34.469 [info] > git rev-parse --show-toplevel [1ms]
2025-03-09 14:53:34.469 [info] fatal: not a git repository (or any of the parent directories): .git
