[2025-Mar-08 23:07:34.622 +01:00][ 1151: 1151][info ] Logging initialized
[2025-Mar-08 23:07:34.622 +01:00][ 1151: 1151][info ] Initializing krisp SDK...
[2025-Mar-08 23:07:34.622 +01:00][ 1151: 1151][info ] DoKrispInitialize
[2025-Mar-08 23:07:34.927 +01:00][ 1151: 1151][info ] LoadDynamicKrisp
[2025-Mar-08 23:07:34.927 +01:00][ 1151: 1151][info ] Did not find KRISP_DYLIB_PATH, skipping dynamic loading
[2025-Mar-08 23:07:34.927 +01:00][ 1151: 1151][info ] Initializing Krisp SDK in PID 1151, addr 0x78db4d3908f0
[2025-Mar-08 23:07:35.108 +01:00][ 1151: 1151][info ] Initialized Krisp SDK successfully
[2025-Mar-08 23:07:35.108 +01:00][ 1151: 1151][info ] Krisp SDK initialized
[2025-Mar-08 23:08:35.552 +01:00][ 1151: 1173][info ] KrispNCSetup: sampleRate = 48000, duration = 10
[2025-Mar-08 23:08:35.552 +01:00][ 1151: 1173][info ] Setting Krisp model: full_NC
[2025-Mar-08 23:08:35.561 +01:00][ 1151: 1173][info ] KrispVADSetup: sampleRate = 48000, duration = 10
[2025-Mar-08 23:11:54.747 +01:00][  913:  913][info ] Logging initialized
[2025-Mar-08 23:11:54.747 +01:00][  913:  913][info ] Initializing krisp SDK...
[2025-Mar-08 23:11:54.747 +01:00][  913:  913][info ] DoKrispInitialize
[2025-Mar-08 23:11:55.065 +01:00][  913:  913][info ] LoadDynamicKrisp
[2025-Mar-08 23:11:55.065 +01:00][  913:  913][info ] Did not find KRISP_DYLIB_PATH, skipping dynamic loading
[2025-Mar-08 23:11:55.065 +01:00][  913:  913][info ] Initializing Krisp SDK in PID 913, addr 0x79140f3908f0
[2025-Mar-08 23:11:55.252 +01:00][  913:  913][info ] Initialized Krisp SDK successfully
[2025-Mar-08 23:11:55.252 +01:00][  913:  913][info ] Krisp SDK initialized
[2025-Mar-08 23:12:01.344 +01:00][  913:  936][info ] KrispNCSetup: sampleRate = 48000, duration = 10
[2025-Mar-08 23:12:01.344 +01:00][  913:  936][info ] Setting Krisp model: full_NC
[2025-Mar-08 23:12:01.357 +01:00][  913:  936][info ] KrispVADSetup: sampleRate = 48000, duration = 10
[2025-Mar-09 01:02:37.602 +01:00][  913:  929][info ] KrispVADReset
[2025-Mar-09 12:57:29.741 +01:00][ 8118: 8118][info ] Logging initialized
[2025-Mar-09 12:57:29.741 +01:00][ 8118: 8118][info ] Initializing krisp SDK...
[2025-Mar-09 12:57:29.741 +01:00][ 8118: 8118][info ] DoKrispInitialize
[2025-Mar-09 12:57:30.058 +01:00][ 8118: 8118][info ] LoadDynamicKrisp
[2025-Mar-09 12:57:30.058 +01:00][ 8118: 8118][info ] Did not find KRISP_DYLIB_PATH, skipping dynamic loading
[2025-Mar-09 12:57:30.058 +01:00][ 8118: 8118][info ] Initializing Krisp SDK in PID 8118, addr 0x773748d908f0
[2025-Mar-09 12:57:30.245 +01:00][ 8118: 8118][info ] Initialized Krisp SDK successfully
[2025-Mar-09 12:57:30.245 +01:00][ 8118: 8118][info ] Krisp SDK initialized
[2025-Mar-09 12:57:38.748 +01:00][ 8118: 8142][info ] KrispNCSetup: sampleRate = 48000, duration = 10
[2025-Mar-09 12:57:38.748 +01:00][ 8118: 8142][info ] Setting Krisp model: full_NC
[2025-Mar-09 12:57:38.759 +01:00][ 8118: 8142][info ] KrispVADSetup: sampleRate = 48000, duration = 10
[2025-Mar-09 16:35:33.090 +01:00][ 1158: 1158][info ] Logging initialized
[2025-Mar-09 16:35:33.090 +01:00][ 1158: 1158][info ] Initializing krisp SDK...
[2025-Mar-09 16:35:33.090 +01:00][ 1158: 1158][info ] DoKrispInitialize
[2025-Mar-09 16:35:33.408 +01:00][ 1158: 1158][info ] LoadDynamicKrisp
[2025-Mar-09 16:35:33.408 +01:00][ 1158: 1158][info ] Did not find KRISP_DYLIB_PATH, skipping dynamic loading
[2025-Mar-09 16:35:33.408 +01:00][ 1158: 1158][info ] Initializing Krisp SDK in PID 1158, addr 0x75b92ed908f0
[2025-Mar-09 16:35:33.596 +01:00][ 1158: 1158][info ] Initialized Krisp SDK successfully
[2025-Mar-09 16:35:33.596 +01:00][ 1158: 1158][info ] Krisp SDK initialized
[2025-Mar-09 16:35:39.136 +01:00][ 1158: 1181][info ] KrispNCSetup: sampleRate = 48000, duration = 10
[2025-Mar-09 16:35:39.136 +01:00][ 1158: 1181][info ] Setting Krisp model: full_NC
[2025-Mar-09 16:35:39.148 +01:00][ 1158: 1181][info ] KrispVADSetup: sampleRate = 48000, duration = 10
[2025-Mar-09 23:03:11.994 +01:00][  952:  952][info ] Logging initialized
[2025-Mar-09 23:03:11.994 +01:00][  952:  952][info ] Initializing krisp SDK...
[2025-Mar-09 23:03:11.994 +01:00][  952:  952][info ] DoKrispInitialize
[2025-Mar-09 23:03:12.310 +01:00][  952:  952][info ] LoadDynamicKrisp
[2025-Mar-09 23:03:12.310 +01:00][  952:  952][info ] Did not find KRISP_DYLIB_PATH, skipping dynamic loading
[2025-Mar-09 23:03:12.310 +01:00][  952:  952][info ] Initializing Krisp SDK in PID 952, addr 0x7382585908f0
[2025-Mar-09 23:03:12.498 +01:00][  952:  952][info ] Initialized Krisp SDK successfully
[2025-Mar-09 23:03:12.498 +01:00][  952:  952][info ] Krisp SDK initialized
[2025-Mar-09 23:03:18.899 +01:00][  952:  974][info ] KrispNCSetup: sampleRate = 48000, duration = 10
[2025-Mar-09 23:03:18.899 +01:00][  952:  974][info ] Setting Krisp model: full_NC
[2025-Mar-09 23:03:18.912 +01:00][  952:  974][info ] KrispVADSetup: sampleRate = 48000, duration = 10
[2025-Mar-10 00:34:28.263 +01:00][  952:  967][info ] KrispVADReset
[2025-Mar-10 14:15:34.897 +01:00][48158:48158][info ] Logging initialized
[2025-Mar-10 14:15:34.897 +01:00][48158:48158][info ] Initializing krisp SDK...
[2025-Mar-10 14:15:34.897 +01:00][48158:48158][info ] DoKrispInitialize
[2025-Mar-10 14:15:35.236 +01:00][48158:48158][info ] LoadDynamicKrisp
[2025-Mar-10 14:15:35.236 +01:00][48158:48158][info ] Did not find KRISP_DYLIB_PATH, skipping dynamic loading
[2025-Mar-10 14:15:35.236 +01:00][48158:48158][info ] Initializing Krisp SDK in PID 48158, addr 0x7060697908f0
[2025-Mar-10 14:15:35.424 +01:00][48158:48158][info ] Initialized Krisp SDK successfully
[2025-Mar-10 14:15:35.424 +01:00][48158:48158][info ] Krisp SDK initialized
[2025-Mar-10 14:15:45.818 +01:00][48158:48181][info ] KrispNCSetup: sampleRate = 48000, duration = 10
[2025-Mar-10 14:15:45.818 +01:00][48158:48181][info ] Setting Krisp model: full_NC
[2025-Mar-10 14:15:45.830 +01:00][48158:48181][info ] KrispVADSetup: sampleRate = 48000, duration = 10
[2025-Mar-10 14:36:48.558 +01:00][55170:55170][info ] Logging initialized
[2025-Mar-10 14:36:48.558 +01:00][55170:55170][info ] Initializing krisp SDK...
[2025-Mar-10 14:36:48.558 +01:00][55170:55170][info ] DoKrispInitialize
[2025-Mar-10 14:36:48.863 +01:00][55170:55170][info ] LoadDynamicKrisp
[2025-Mar-10 14:36:48.863 +01:00][55170:55170][info ] Did not find KRISP_DYLIB_PATH, skipping dynamic loading
[2025-Mar-10 14:36:48.863 +01:00][55170:55170][info ] Initializing Krisp SDK in PID 55170, addr 0x7314277908f0
[2025-Mar-10 14:36:49.044 +01:00][55170:55170][info ] Initialized Krisp SDK successfully
[2025-Mar-10 14:36:49.044 +01:00][55170:55170][info ] Krisp SDK initialized
[2025-Mar-10 14:36:54.512 +01:00][55170:55192][info ] KrispNCSetup: sampleRate = 48000, duration = 10
[2025-Mar-10 14:36:54.512 +01:00][55170:55192][info ] Setting Krisp model: full_NC
[2025-Mar-10 14:36:54.521 +01:00][55170:55192][info ] KrispVADSetup: sampleRate = 48000, duration = 10
[2025-Mar-10 22:26:41.299 +01:00][55170:55185][info ] KrispVADReset
[2025-Mar-10 22:26:41.515 +01:00][55170:55192][info ] KrispVADSetup: sampleRate = 48000, duration = 10
[2025-Mar-10 22:26:46.384 +01:00][55170:55185][info ] KrispVADReset
[2025-Mar-10 22:26:46.614 +01:00][55170:55192][info ] KrispVADSetup: sampleRate = 48000, duration = 10
[2025-Mar-10 22:26:48.333 +01:00][55170:55185][info ] KrispVADReset
[2025-Mar-10 22:26:48.534 +01:00][55170:55192][info ] KrispVADSetup: sampleRate = 48000, duration = 10
[2025-Mar-10 22:26:58.572 +01:00][55170:55185][info ] KrispVADReset
[2025-Mar-10 22:26:58.773 +01:00][55170:55192][info ] KrispVADSetup: sampleRate = 48000, duration = 10
[2025-Mar-10 22:27:00.022 +01:00][55170:55185][info ] KrispVADReset
[2025-Mar-10 22:27:00.203 +01:00][55170:55192][info ] KrispVADSetup: sampleRate = 48000, duration = 10
[2025-Mar-10 22:27:02.564 +01:00][55170:55185][info ] KrispVADReset
[2025-Mar-10 22:27:02.742 +01:00][55170:55192][info ] KrispVADSetup: sampleRate = 48000, duration = 10
[2025-Mar-10 22:27:03.889 +01:00][55170:55185][info ] KrispVADReset
[2025-Mar-10 22:27:04.064 +01:00][55170:55192][info ] KrispVADSetup: sampleRate = 48000, duration = 10
[2025-Mar-10 22:27:05.123 +01:00][55170:55185][info ] KrispVADReset
[2025-Mar-10 22:27:05.344 +01:00][55170:55192][info ] KrispVADSetup: sampleRate = 48000, duration = 10
[2025-Mar-10 22:27:06.096 +01:00][55170:55185][info ] KrispVADReset
[2025-Mar-10 22:27:06.603 +01:00][55170:55192][info ] KrispVADSetup: sampleRate = 48000, duration = 10
[2025-Mar-10 22:27:07.584 +01:00][55170:55185][info ] KrispVADReset
[2025-Mar-10 22:27:07.797 +01:00][55170:55192][info ] KrispVADSetup: sampleRate = 48000, duration = 10
[2025-Mar-10 22:27:08.679 +01:00][55170:55185][info ] KrispVADReset
[2025-Mar-10 22:27:10.720 +01:00][55170:55192][info ] KrispVADSetup: sampleRate = 48000, duration = 10
[2025-Mar-10 22:27:11.476 +01:00][55170:55185][info ] KrispVADReset
[2025-Mar-10 22:27:11.659 +01:00][55170:55192][info ] KrispVADSetup: sampleRate = 48000, duration = 10
[2025-Mar-10 22:27:12.698 +01:00][55170:55185][info ] KrispVADReset
[2025-Mar-10 22:27:12.896 +01:00][55170:55192][info ] KrispVADSetup: sampleRate = 48000, duration = 10
[2025-Mar-10 22:27:13.622 +01:00][55170:55185][info ] KrispVADReset
[2025-Mar-10 22:27:13.791 +01:00][55170:55192][info ] KrispVADSetup: sampleRate = 48000, duration = 10
[2025-Mar-10 22:27:14.447 +01:00][55170:55185][info ] KrispVADReset
[2025-Mar-10 22:27:14.666 +01:00][55170:55192][info ] KrispVADSetup: sampleRate = 48000, duration = 10
[2025-Mar-10 22:27:15.878 +01:00][55170:55185][info ] KrispVADReset
[2025-Mar-10 22:27:16.074 +01:00][55170:55192][info ] KrispVADSetup: sampleRate = 48000, duration = 10
[2025-Mar-10 22:27:17.044 +01:00][55170:55185][info ] KrispVADReset
[2025-Mar-10 22:27:17.269 +01:00][55170:55192][info ] KrispVADSetup: sampleRate = 48000, duration = 10
[2025-Mar-10 22:27:18.026 +01:00][55170:55185][info ] KrispVADReset
[2025-Mar-10 22:27:18.207 +01:00][55170:55192][info ] KrispVADSetup: sampleRate = 48000, duration = 10
[2025-Mar-10 22:27:19.227 +01:00][55170:55185][info ] KrispVADReset
[2025-Mar-10 22:27:19.423 +01:00][55170:55192][info ] KrispVADSetup: sampleRate = 48000, duration = 10
[2025-Mar-10 22:27:20.116 +01:00][55170:55185][info ] KrispVADReset
[2025-Mar-10 22:27:20.298 +01:00][55170:55192][info ] KrispVADSetup: sampleRate = 48000, duration = 10
[2025-Mar-10 22:27:21.491 +01:00][55170:55185][info ] KrispVADReset
[2025-Mar-10 22:27:21.706 +01:00][55170:55192][info ] KrispVADSetup: sampleRate = 48000, duration = 10
[2025-Mar-10 22:27:22.883 +01:00][55170:55185][info ] KrispVADReset
[2025-Mar-10 22:27:23.092 +01:00][55170:55192][info ] KrispVADSetup: sampleRate = 48000, duration = 10
[2025-Mar-10 22:27:24.171 +01:00][55170:55185][info ] KrispVADReset
[2025-Mar-10 22:27:24.394 +01:00][55170:55192][info ] KrispVADSetup: sampleRate = 48000, duration = 10
[2025-Mar-10 22:27:25.399 +01:00][55170:55185][info ] KrispVADReset
[2025-Mar-10 22:27:25.567 +01:00][55170:55192][info ] KrispVADSetup: sampleRate = 48000, duration = 10
[2025-Mar-10 22:27:26.413 +01:00][55170:55185][info ] KrispVADReset
[2025-Mar-10 22:27:26.591 +01:00][55170:55192][info ] KrispVADSetup: sampleRate = 48000, duration = 10
[2025-Mar-10 22:27:27.551 +01:00][55170:55185][info ] KrispVADReset
[2025-Mar-10 22:27:27.743 +01:00][55170:55192][info ] KrispVADSetup: sampleRate = 48000, duration = 10
[2025-Mar-10 22:27:28.468 +01:00][55170:55185][info ] KrispVADReset
[2025-Mar-10 22:27:28.703 +01:00][55170:55192][info ] KrispVADSetup: sampleRate = 48000, duration = 10
[2025-Mar-10 22:27:29.496 +01:00][55170:55185][info ] KrispVADReset
[2025-Mar-10 22:27:29.684 +01:00][55170:55192][info ] KrispVADSetup: sampleRate = 48000, duration = 10
[2025-Mar-10 22:27:30.663 +01:00][55170:55185][info ] KrispVADReset
[2025-Mar-10 22:27:30.879 +01:00][55170:55192][info ] KrispVADSetup: sampleRate = 48000, duration = 10
[2025-Mar-10 22:27:32.261 +01:00][55170:55185][info ] KrispVADReset
[2025-Mar-10 22:27:32.415 +01:00][55170:55192][info ] KrispVADSetup: sampleRate = 48000, duration = 10
[2025-Mar-10 22:27:34.434 +01:00][55170:55185][info ] KrispVADReset
[2025-Mar-10 22:27:34.612 +01:00][55170:55192][info ] KrispVADSetup: sampleRate = 48000, duration = 10
[2025-Mar-10 22:27:41.077 +01:00][55170:55185][info ] KrispVADReset
[2025-Mar-10 22:27:41.246 +01:00][55170:55192][info ] KrispVADSetup: sampleRate = 48000, duration = 10
[2025-Mar-10 22:27:41.872 +01:00][55170:55185][info ] KrispVADReset
[2025-Mar-10 22:27:42.079 +01:00][55170:55192][info ] KrispVADSetup: sampleRate = 48000, duration = 10
[2025-Mar-10 22:27:47.204 +01:00][55170:55185][info ] KrispVADReset
[2025-Mar-10 22:27:47.411 +01:00][55170:55192][info ] KrispVADSetup: sampleRate = 48000, duration = 10
[2025-Mar-10 22:27:52.677 +01:00][55170:55185][info ] KrispVADReset
[2025-Mar-10 22:27:52.872 +01:00][55170:55192][info ] KrispVADSetup: sampleRate = 48000, duration = 10
[2025-Mar-10 22:27:53.864 +01:00][55170:55185][info ] KrispVADReset
[2025-Mar-10 22:27:54.088 +01:00][55170:55192][info ] KrispVADSetup: sampleRate = 48000, duration = 10
[2025-Mar-10 22:27:57.649 +01:00][55170:55185][info ] KrispVADReset
[2025-Mar-10 22:27:57.821 +01:00][55170:55192][info ] KrispVADSetup: sampleRate = 48000, duration = 10
[2025-Mar-10 22:27:59.097 +01:00][55170:55185][info ] KrispVADReset
[2025-Mar-10 22:27:59.272 +01:00][55170:55192][info ] KrispVADSetup: sampleRate = 48000, duration = 10
[2025-Mar-10 22:28:01.094 +01:00][55170:55185][info ] KrispVADReset
[2025-Mar-10 22:28:01.256 +01:00][55170:55192][info ] KrispVADSetup: sampleRate = 48000, duration = 10
[2025-Mar-10 22:28:05.380 +01:00][55170:55185][info ] KrispVADReset
[2025-Mar-10 22:28:05.587 +01:00][55170:55192][info ] KrispVADSetup: sampleRate = 48000, duration = 10
[2025-Mar-10 22:28:07.383 +01:00][55170:55185][info ] KrispVADReset
[2025-Mar-10 22:28:07.549 +01:00][55170:55192][info ] KrispVADSetup: sampleRate = 48000, duration = 10
[2025-Mar-10 22:28:09.192 +01:00][55170:55185][info ] KrispVADReset
[2025-Mar-10 22:28:09.405 +01:00][55170:55192][info ] KrispVADSetup: sampleRate = 48000, duration = 10
[2025-Mar-10 22:28:13.197 +01:00][55170:55185][info ] KrispVADReset
[2025-Mar-10 22:28:13.372 +01:00][55170:55192][info ] KrispVADSetup: sampleRate = 48000, duration = 10
[2025-Mar-10 22:28:15.984 +01:00][55170:55185][info ] KrispVADReset
[2025-Mar-10 22:28:16.188 +01:00][55170:55192][info ] KrispVADSetup: sampleRate = 48000, duration = 10
[2025-Mar-10 22:34:00.402 +01:00][55170:55185][info ] KrispVADReset
