2025-03-09 14:03:46.558 [info] Extension host with pid 354317 started
2025-03-09 14:03:46.668 [info] ExtensionService#_doActivateExtension vscode.git-base, startup: true, activationEvent: '*', root cause: vscode.git
2025-03-09 14:03:46.676 [info] ExtensionService#_doActivateExtension vscode.git, startup: true, activationEvent: '*'
2025-03-09 14:03:46.738 [info] ExtensionService#_doActivateExtension vscode.github, startup: true, activationEvent: '*'
2025-03-09 14:03:46.794 [info] Eager extensions activated
2025-03-09 14:03:46.801 [info] ExtensionService#_doActivateExtension vscode.debug-auto-launch, startup: false, activationEvent: 'onStartupFinished'
2025-03-09 14:03:46.803 [info] ExtensionService#_doActivateExtension vscode.merge-conflict, startup: false, activationEvent: 'onStartupFinished'
2025-03-09 14:04:35.846 [info] Extension host terminating: renderer closed the MessagePort
2025-03-09 14:04:35.850 [info] Extension host with pid 354317 exiting with code 0
2025-03-09 14:04:36.742 [info] Extension host with pid 354542 started
2025-03-09 14:04:36.742 [info] Skipping acquiring lock for /home/haida/.config/Code - OSS/User/workspaceStorage/134a13f670bfe226d41faa751b4dec46.
2025-03-09 14:04:36.794 [info] ExtensionService#_doActivateExtension vscode.git-base, startup: true, activationEvent: '*'
2025-03-09 14:04:36.799 [info] ExtensionService#_doActivateExtension vscode.github, startup: true, activationEvent: '*'
2025-03-09 14:04:36.824 [info] Eager extensions activated
2025-03-09 14:04:36.825 [info] ExtensionService#_doActivateExtension vscode.debug-auto-launch, startup: false, activationEvent: 'onStartupFinished'
2025-03-09 14:04:36.827 [info] ExtensionService#_doActivateExtension vscode.merge-conflict, startup: false, activationEvent: 'onStartupFinished'
2025-03-09 14:04:38.426 [info] ExtensionService#_doActivateExtension vscode.git, startup: false, activationEvent: 'api', root cause: vscode.github
2025-03-09 14:04:39.642 [info] ExtensionService#_doActivateExtension vscode.emmet, startup: false, activationEvent: 'onLanguage'
2025-03-09 14:53:29.444 [info] Extension host terminating: renderer closed the MessagePort
2025-03-09 14:53:29.448 [info] Extension host with pid 354542 exiting with code 0
2025-03-09 14:53:30.437 [info] Extension host with pid 367695 started
2025-03-09 14:53:30.437 [info] Skipping acquiring lock for /home/haida/.config/Code - OSS/User/workspaceStorage/4e137a21e0477a005e801782f71c2883.
2025-03-09 14:53:30.479 [info] ExtensionService#_doActivateExtension vscode.git-base, startup: true, activationEvent: '*'
2025-03-09 14:53:30.494 [info] ExtensionService#_doActivateExtension vscode.github, startup: true, activationEvent: '*'
2025-03-09 14:53:30.521 [info] Eager extensions activated
2025-03-09 14:53:30.522 [info] ExtensionService#_doActivateExtension vscode.debug-auto-launch, startup: false, activationEvent: 'onStartupFinished'
2025-03-09 14:53:30.524 [info] ExtensionService#_doActivateExtension vscode.merge-conflict, startup: false, activationEvent: 'onStartupFinished'
2025-03-09 14:53:32.266 [info] ExtensionService#_doActivateExtension vscode.git, startup: false, activationEvent: 'api', root cause: vscode.github
2025-03-09 14:53:34.497 [info] ExtensionService#_doActivateExtension vscode.emmet, startup: false, activationEvent: 'onLanguage'
2025-03-09 14:54:00.264 [info] Extension host terminating: renderer closed the MessagePort
2025-03-09 14:54:00.269 [info] Extension host with pid 367695 exiting with code 0
