2025-03-09 15:42:46 Loading main app package /usr/lib/obsidian/obsidian.asar
2025-03-09 15:42:46 Checking for update using Github
2025-03-09 15:42:46 Success.
2025-03-09 15:42:46 Latest version is 1.8.9
2025-03-09 15:42:46 App is up to date.
2025-03-09 15:43:21 Loading main app package /usr/lib/obsidian/obsidian.asar
2025-03-09 15:43:21 Checking for update using Github
2025-03-09 15:43:21 Success.
2025-03-09 15:43:21 Latest version is 1.8.9
2025-03-09 15:43:21 App is up to date.
2025-03-09 15:47:59 Loading main app package /usr/lib/obsidian/obsidian.asar
2025-03-09 15:47:59 Checking for update using Github
2025-03-09 15:47:59 Success.
2025-03-09 15:47:59 Latest version is 1.8.9
2025-03-09 15:47:59 App is up to date.
2025-03-09 15:48:15 Loading main app package /usr/lib/obsidian/obsidian.asar
2025-03-09 15:48:15 Checking for update using Github
2025-03-09 15:48:15 Success.
2025-03-09 15:48:15 Latest version is 1.8.9
2025-03-09 15:48:15 App is up to date.
2025-03-09 15:55:12 Loading main app package /usr/lib/obsidian/obsidian.asar
2025-03-09 15:55:12 Checking for update using Github
2025-03-09 15:55:12 Success.
2025-03-09 15:55:12 Latest version is 1.8.9
2025-03-09 15:55:12 App is up to date.
2025-03-09 15:55:51 Loading main app package /usr/lib/obsidian/obsidian.asar
2025-03-09 15:55:52 Checking for update using Github
2025-03-09 15:55:52 Success.
2025-03-09 15:55:52 Latest version is 1.8.9
2025-03-09 15:55:52 App is up to date.
2025-03-09 16:09:39 Loading main app package /usr/lib/obsidian/obsidian.asar
2025-03-09 16:09:39 Checking for update using Github
2025-03-09 16:09:39 Success.
2025-03-09 16:09:39 Latest version is 1.8.9
2025-03-09 16:09:39 App is up to date.
2025-03-09 16:11:05 Loading main app package /usr/lib/obsidian/obsidian.asar
2025-03-09 16:11:05 Checking for update using Github
2025-03-09 16:11:05 Success.
2025-03-09 16:11:05 Latest version is 1.8.9
2025-03-09 16:11:05 App is up to date.
2025-03-09 16:15:26 Loading main app package /usr/lib/obsidian/obsidian.asar
2025-03-09 16:15:26 Checking for update using Github
2025-03-09 16:15:26 Success.
2025-03-09 16:15:26 Latest version is 1.8.9
2025-03-09 16:15:26 App is up to date.
2025-03-09 16:19:23 Loading main app package /usr/lib/obsidian/obsidian.asar
2025-03-09 16:19:23 Checking for update using Github
2025-03-09 16:19:23 Success.
2025-03-09 16:19:23 Latest version is 1.8.9
2025-03-09 16:19:23 App is up to date.
2025-03-09 16:19:50 Loading main app package /usr/lib/obsidian/obsidian.asar
2025-03-09 16:19:50 Checking for update using Github
2025-03-09 16:19:50 Success.
2025-03-09 16:19:50 Latest version is 1.8.9
2025-03-09 16:19:50 App is up to date.
2025-03-09 16:21:55 Loading main app package /usr/lib/obsidian/obsidian.asar
2025-03-09 16:21:55 Checking for update using Github
2025-03-09 16:21:55 Success.
2025-03-09 16:21:55 Latest version is 1.8.9
2025-03-09 16:21:55 App is up to date.
2025-03-09 17:21:55 Checking for update using Github
2025-03-09 17:21:55 Success.
2025-03-09 17:21:55 Latest version is 1.8.9
2025-03-09 17:21:55 App is up to date.
2025-03-09 18:21:55 Checking for update using Github
2025-03-09 18:21:55 Success.
2025-03-09 18:21:55 Latest version is 1.8.9
2025-03-09 18:21:55 App is up to date.
2025-03-10 17:12:19 Loading main app package /usr/lib/obsidian/obsidian.asar
2025-03-10 17:12:20 Checking for update using Github
2025-03-10 17:12:20 Success.
2025-03-10 17:12:20 Latest version is 1.8.9
2025-03-10 17:12:20 App is up to date.
2025-03-10 18:12:19 Checking for update using Github
2025-03-10 18:12:19 Success.
2025-03-10 18:12:19 Latest version is 1.8.9
2025-03-10 18:12:19 App is up to date.
2025-03-10 19:12:19 Checking for update using Github
2025-03-10 19:12:19 Success.
2025-03-10 19:12:19 Latest version is 1.8.9
2025-03-10 19:12:19 App is up to date.
2025-03-10 20:12:19 Checking for update using Github
2025-03-10 20:12:19 Success.
2025-03-10 20:12:19 Latest version is 1.8.9
2025-03-10 20:12:19 App is up to date.
2025-03-10 21:12:19 Checking for update using Github
2025-03-10 21:12:19 Success.
2025-03-10 21:12:19 Latest version is 1.8.9
2025-03-10 21:12:19 App is up to date.
2025-03-10 21:40:24 Loading main app package /usr/lib/obsidian/obsidian.asar
2025-03-10 21:40:24 Checking for update using Github
2025-03-10 21:40:24 Success.
2025-03-10 21:40:24 Latest version is 1.8.9
2025-03-10 21:40:24 App is up to date.
2025-03-12 16:31:53 Loading main app package /usr/lib/obsidian/obsidian.asar
2025-03-12 16:31:53 Checking for update using Github
2025-03-12 16:31:53 Success.
2025-03-12 16:31:53 Latest version is 1.8.9
2025-03-12 16:31:53 App is up to date.
2025-03-12 17:31:53 Checking for update using Github
2025-03-12 17:31:53 Success.
2025-03-12 17:31:53 Latest version is 1.8.9
2025-03-12 17:31:53 App is up to date.
2025-03-12 18:31:53 Checking for update using Github
2025-03-12 18:31:53 Success.
2025-03-12 18:31:53 Latest version is 1.8.9
2025-03-12 18:31:53 App is up to date.
